This is pdfTeX, Version 3.14159265-2.6-1.40.18 (TeX Live 2017) (preloaded format=pdflatex 2017.12.12)  2 JAN 2018 12:38
entering extended mode
 restricted \write18 enabled.
 %&-line parsing enabled.
**DraftExec.tex
(./DraftExec.tex
LaTeX2e <2017-04-15>
Babel <3.10> and hyphenation patterns for 84 language(s) loaded.
(/usr/local/texlive/2017/texmf-dist/tex/latex/base/article.cls
Document Class: article 2014/09/29 v1.4h Standard LaTeX document class
(/usr/local/texlive/2017/texmf-dist/tex/latex/base/size10.clo
File: size10.clo 2014/09/29 v1.4h Standard LaTeX file (size option)
)
\c@part=\count79
\c@section=\count80
\c@subsection=\count81
\c@subsubsection=\count82
\c@paragraph=\count83
\c@subparagraph=\count84
\c@figure=\count85
\c@table=\count86
\abovecaptionskip=\skip41
\belowcaptionskip=\skip42
\bibindent=\dimen102
)
(/usr/local/texlive/2017/texmf-dist/tex/latex/graphics/graphicx.sty
Package: graphicx 2014/10/28 v1.0g Enhanced LaTeX Graphics (DPC,SPQR)

(/usr/local/texlive/2017/texmf-dist/tex/latex/graphics/keyval.sty
Package: keyval 2014/10/28 v1.15 key=value parser (DPC)
\KV@toks@=\toks14
)
(/usr/local/texlive/2017/texmf-dist/tex/latex/graphics/graphics.sty
Package: graphics 2017/04/14 v1.1b Standard LaTeX Graphics (DPC,SPQR)

(/usr/local/texlive/2017/texmf-dist/tex/latex/graphics/trig.sty
Package: trig 2016/01/03 v1.10 sin cos tan (DPC)
)
(/usr/local/texlive/2017/texmf-dist/tex/latex/graphics-cfg/graphics.cfg
File: graphics.cfg 2016/06/04 v1.11 sample graphics configuration
)
Package graphics Info: Driver file: pdftex.def on input line 99.

(/usr/local/texlive/2017/texmf-dist/tex/latex/graphics-def/pdftex.def
File: pdftex.def 2017/01/12 v0.06k Graphics/color for pdfTeX

(/usr/local/texlive/2017/texmf-dist/tex/generic/oberdiek/infwarerr.sty
Package: infwarerr 2016/05/16 v1.4 Providing info/warning/error messages (HO)
)
(/usr/local/texlive/2017/texmf-dist/tex/generic/oberdiek/ltxcmds.sty
Package: ltxcmds 2016/05/16 v1.23 LaTeX kernel commands for general use (HO)
)
\Gread@gobject=\count87
))
\Gin@req@height=\dimen103
\Gin@req@width=\dimen104
)
(/usr/local/texlive/2017/texmf-dist/tex/latex/graphics/color.sty
Package: color 2016/07/10 v1.1e Standard LaTeX Color (DPC)

(/usr/local/texlive/2017/texmf-dist/tex/latex/graphics-cfg/color.cfg
File: color.cfg 2016/01/02 v1.6 sample color configuration
)
Package color Info: Driver file: pdftex.def on input line 147.
)
(/usr/local/texlive/2017/texmf-dist/tex/latex/framed/framed.sty
Package: framed 2011/10/22 v 0.96: framed or shaded text with page breaks
\OuterFrameSep=\skip43
\fb@frw=\dimen105
\fb@frh=\dimen106
\FrameRule=\dimen107
\FrameSep=\dimen108
)
(/usr/local/texlive/2017/texmf-dist/tex/latex/base/alltt.sty
Package: alltt 1997/06/16 v2.0g defines alltt environment
)
(/usr/local/texlive/2017/texmf-dist/tex/latex/biblatex/biblatex.sty
Package: biblatex 2016/12/05 v3.7 programmable bibliographies (PK/JW/AB)

(/usr/local/texlive/2017/texmf-dist/tex/generic/oberdiek/pdftexcmds.sty
Package: pdftexcmds 2017/03/19 v0.25 Utility functions of pdfTeX for LuaTeX (HO
)

(/usr/local/texlive/2017/texmf-dist/tex/generic/oberdiek/ifluatex.sty
Package: ifluatex 2016/05/16 v1.4 Provides the ifluatex switch (HO)
Package ifluatex Info: LuaTeX not detected.
)
(/usr/local/texlive/2017/texmf-dist/tex/generic/oberdiek/ifpdf.sty
Package: ifpdf 2017/03/15 v3.2 Provides the ifpdf switch
)
Package pdftexcmds Info: LuaTeX not detected.
Package pdftexcmds Info: \pdf@primitive is available.
Package pdftexcmds Info: \pdf@ifprimitive is available.
Package pdftexcmds Info: \pdfdraftmode found.
)
(/usr/local/texlive/2017/texmf-dist/tex/latex/etoolbox/etoolbox.sty
Package: etoolbox 2017/01/02 v2.4 e-TeX tools for LaTeX (JAW)
\etb@tempcnta=\count88
)
(/usr/local/texlive/2017/texmf-dist/tex/latex/oberdiek/kvoptions.sty
Package: kvoptions 2016/05/16 v3.12 Key value format for package options (HO)

(/usr/local/texlive/2017/texmf-dist/tex/generic/oberdiek/kvsetkeys.sty
Package: kvsetkeys 2016/05/16 v1.17 Key value parser (HO)

(/usr/local/texlive/2017/texmf-dist/tex/generic/oberdiek/etexcmds.sty
Package: etexcmds 2016/05/16 v1.6 Avoid name clashes with e-TeX commands (HO)
Package etexcmds Info: Could not find \expanded.
(etexcmds)             That can mean that you are not using pdfTeX 1.50 or
(etexcmds)             that some package has redefined \expanded.
(etexcmds)             In the latter case, load this package earlier.
)))
(/usr/local/texlive/2017/texmf-dist/tex/latex/logreq/logreq.sty
Package: logreq 2010/08/04 v1.0 xml request logger
\lrq@indent=\count89

(/usr/local/texlive/2017/texmf-dist/tex/latex/logreq/logreq.def
File: logreq.def 2010/08/04 v1.0 logreq spec v1.0
))
(/usr/local/texlive/2017/texmf-dist/tex/latex/base/ifthen.sty
Package: ifthen 2014/09/29 v1.1c Standard LaTeX ifthen package (DPC)
)
(/usr/local/texlive/2017/texmf-dist/tex/latex/url/url.sty
\Urlmuskip=\muskip10
Package: url 2013/09/16  ver 3.4  Verb mode for urls, etc.
)
(/usr/local/texlive/2017/texmf-dist/tex/generic/xstring/xstring.sty
(/usr/local/texlive/2017/texmf-dist/tex/generic/xstring/xstring.tex
\@xs@message=\write3
\integerpart=\count90
\decimalpart=\count91
)
Package: xstring 2013/10/13  v1.7c  String manipulations (C Tellechea)
)
\c@tabx@nest=\count92
\c@listtotal=\count93
\c@listcount=\count94
\c@liststart=\count95
\c@liststop=\count96
\c@citecount=\count97
\c@citetotal=\count98
\c@multicitecount=\count99
\c@multicitetotal=\count100
\c@instcount=\count101
\c@maxnames=\count102
\c@minnames=\count103
\c@maxitems=\count104
\c@minitems=\count105
\c@citecounter=\count106
\c@savedcitecounter=\count107
\c@uniquelist=\count108
\c@uniquename=\count109
\c@refsection=\count110
\c@refsegment=\count111
\c@maxextratitle=\count112
\c@maxextratitleyear=\count113
\c@maxextrayear=\count114
\c@maxextraalpha=\count115
\c@abbrvpenalty=\count116
\c@highnamepenalty=\count117
\c@lownamepenalty=\count118
\c@maxparens=\count119
\c@parenlevel=\count120
\blx@tempcnta=\count121
\blx@tempcntb=\count122
\blx@tempcntc=\count123
\blx@maxsection=\count124
\blx@maxsegment@0=\count125
\blx@notetype=\count126
\blx@parenlevel@text=\count127
\blx@parenlevel@foot=\count128
\blx@sectionciteorder@0=\count129
\labelnumberwidth=\skip44
\labelalphawidth=\skip45
\biblabelsep=\skip46
\bibitemsep=\skip47
\bibnamesep=\skip48
\bibinitsep=\skip49
\bibparsep=\skip50
\bibhang=\skip51
\blx@bcfin=\read1
\blx@bcfout=\write4
\c@mincomprange=\count130
\c@maxcomprange=\count131
\c@mincompwidth=\count132
Package biblatex Info: Trying to load biblatex default data model...
Package biblatex Info: ... file 'blx-dm.def' found.

(/usr/local/texlive/2017/texmf-dist/tex/latex/biblatex/blx-dm.def)
Package biblatex Info: Trying to load biblatex citestyle data model...
Package biblatex Info: ... file 'authoryear.dbx' not found.
Package biblatex Info: Trying to load biblatex custom data model...
Package biblatex Info: ... file 'biblatex-dm.cfg' not found.
\c@afterword=\count133
\c@savedafterword=\count134
\c@annotator=\count135
\c@savedannotator=\count136
\c@author=\count137
\c@savedauthor=\count138
\c@bookauthor=\count139
\c@savedbookauthor=\count140
\c@commentator=\count141
\c@savedcommentator=\count142
\c@editor=\count143
\c@savededitor=\count144
\c@editora=\count145
\c@savededitora=\count146
\c@editorb=\count147
\c@savededitorb=\count148
\c@editorc=\count149
\c@savededitorc=\count150
\c@foreword=\count151
\c@savedforeword=\count152
\c@holder=\count153
\c@savedholder=\count154
\c@introduction=\count155
\c@savedintroduction=\count156
\c@namea=\count157
\c@savednamea=\count158
\c@nameb=\count159
\c@savednameb=\count160
\c@namec=\count161
\c@savednamec=\count162
\c@translator=\count163
\c@savedtranslator=\count164
\c@shortauthor=\count165
\c@savedshortauthor=\count166
\c@shorteditor=\count167
\c@savedshorteditor=\count168
\c@labelname=\count169
\c@savedlabelname=\count170
\c@institution=\count171
\c@savedinstitution=\count172
\c@lista=\count173
\c@savedlista=\count174
\c@listb=\count175
\c@savedlistb=\count176
\c@listc=\count177
\c@savedlistc=\count178
\c@listd=\count179
\c@savedlistd=\count180
\c@liste=\count181
\c@savedliste=\count182
\c@listf=\count183
\c@savedlistf=\count184
\c@location=\count185
\c@savedlocation=\count186
\c@organization=\count187
\c@savedorganization=\count188
\c@origlocation=\count189
\c@savedoriglocation=\count190
\c@origpublisher=\count191
\c@savedorigpublisher=\count192
\c@publisher=\count193
\c@savedpublisher=\count194
\c@language=\count195
\c@savedlanguage=\count196
\c@pageref=\count197
\c@savedpageref=\count198
\shorthandwidth=\skip52
\shortjournalwidth=\skip53
\shortserieswidth=\skip54
\shorttitlewidth=\skip55
\shortauthorwidth=\skip56
\shorteditorwidth=\skip57
Package biblatex Info: Trying to load compatibility code...
Package biblatex Info: ... file 'blx-compat.def' found.

(/usr/local/texlive/2017/texmf-dist/tex/latex/biblatex/blx-compat.def
File: blx-compat.def 2016/12/05 v3.7 biblatex compatibility (PK/JW/AB)
)
Package biblatex Info: Trying to load BibTeX backend compatibility...
Package biblatex Info: ... file 'blx-bibtex.def' found.

(/usr/local/texlive/2017/texmf-dist/tex/latex/biblatex/blx-bibtex.def
File: blx-bibtex.def 2016/12/05 v3.7 biblatex compatibility (PK/JW/AB)


Package biblatex Warning: Using fall-back BibTeX(8) backend:
(biblatex)                functionality may be reduced/unavailable.

)
Package biblatex Info: Trying to load generic definitions...
Package biblatex Info: ... file 'biblatex.def' found.
 (/usr/local/texlive/2017/texmf-dist/tex/latex/biblatex/biblatex.def
File: biblatex.def 2016/12/05 v3.7 biblatex compatibility (PK/JW/AB)
\c@textcitecount=\count199
\c@textcitetotal=\count266
\c@textcitemaxnames=\count267
\c@biburlnumpenalty=\count268
\c@biburlucpenalty=\count269
\c@biburllcpenalty=\count270
\c@smartand=\count271
)
Package biblatex Info: Trying to load bibliography style 'numeric'...
Package biblatex Info: ... file 'numeric.bbx' found.

(/usr/local/texlive/2017/texmf-dist/tex/latex/biblatex/bbx/numeric.bbx
File: numeric.bbx 2016/12/05 v3.7 biblatex bibliography style (PK/JW/AB)
Package biblatex Info: Trying to load bibliography style 'standard'...
Package biblatex Info: ... file 'standard.bbx' found.

(/usr/local/texlive/2017/texmf-dist/tex/latex/biblatex/bbx/standard.bbx
File: standard.bbx 2016/12/05 v3.7 biblatex bibliography style (PK/JW/AB)
\c@bbx:relatedcount=\count272
\c@bbx:relatedtotal=\count273
))
Package biblatex Info: Trying to load citation style 'authoryear'...
Package biblatex Info: ... file 'authoryear.cbx' found.

(/usr/local/texlive/2017/texmf-dist/tex/latex/biblatex/cbx/authoryear.cbx
File: authoryear.cbx 2016/12/05 v3.7 biblatex citation style (PK/JW/AB)
Package biblatex Info: Redefining '\cite'.
Package biblatex Info: Redefining '\parencite'.
Package biblatex Info: Redefining '\footcite'.
Package biblatex Info: Redefining '\footcitetext'.
Package biblatex Info: Redefining '\smartcite'.
Package biblatex Info: Redefining '\textcite'.
Package biblatex Info: Redefining '\textcites'.
)
Package biblatex Info: Trying to load configuration file...
Package biblatex Info: ... file 'biblatex.cfg' found.

(/usr/local/texlive/2017/texmf-dist/tex/latex/biblatex/biblatex.cfg
File: biblatex.cfg 
))
(/usr/local/texlive/2017/texmf-dist/tex/latex/upquote/upquote.sty
Package: upquote 2012/04/19 v1.3 upright-quote and grave-accent glyphs in verba
tim
)
Package biblatex Info: Trying to load language 'english'...
Package biblatex Info: ... file 'english.lbx' found.

(/usr/local/texlive/2017/texmf-dist/tex/latex/biblatex/lbx/english.lbx
File: english.lbx 2016/12/05 v3.7 biblatex localization (PK/JW/AB)
)
\@quotelevel=\count274
\@quotereset=\count275

(./DraftExec.aux

LaTeX Warning: Label `fig:DuctedEfficiency.png' multiply defined.

)
\openout1 = `DraftExec.aux'.

LaTeX Font Info:    Checking defaults for OML/cmm/m/it on input line 61.
LaTeX Font Info:    ... okay on input line 61.
LaTeX Font Info:    Checking defaults for T1/cmr/m/n on input line 61.
LaTeX Font Info:    ... okay on input line 61.
LaTeX Font Info:    Checking defaults for OT1/cmr/m/n on input line 61.
LaTeX Font Info:    ... okay on input line 61.
LaTeX Font Info:    Checking defaults for OMS/cmsy/m/n on input line 61.
LaTeX Font Info:    ... okay on input line 61.
LaTeX Font Info:    Checking defaults for OMX/cmex/m/n on input line 61.
LaTeX Font Info:    ... okay on input line 61.
LaTeX Font Info:    Checking defaults for U/cmr/m/n on input line 61.
LaTeX Font Info:    ... okay on input line 61.
 (/usr/local/texlive/2017/texmf-dist/tex/context/base/mkii/supp-pdf.mkii
[Loading MPS to PDF converter (version 2006.09.02).]
\scratchcounter=\count276
\scratchdimen=\dimen109
\scratchbox=\box26
\nofMPsegments=\count277
\nofMParguments=\count278
\everyMPshowfont=\toks15
\MPscratchCnt=\count279
\MPscratchDim=\dimen110
\MPnumerator=\count280
\makeMPintoPDFobject=\count281
\everyMPtoPDFconversion=\toks16
) (/usr/local/texlive/2017/texmf-dist/tex/latex/oberdiek/epstopdf-base.sty
Package: epstopdf-base 2016/05/15 v2.6 Base part for package epstopdf

(/usr/local/texlive/2017/texmf-dist/tex/latex/oberdiek/grfext.sty
Package: grfext 2016/05/16 v1.2 Manage graphics extensions (HO)

(/usr/local/texlive/2017/texmf-dist/tex/generic/oberdiek/kvdefinekeys.sty
Package: kvdefinekeys 2016/05/16 v1.4 Define keys (HO)
))
Package epstopdf-base Info: Redefining graphics rule for `.eps' on input line 4
38.
Package grfext Info: Graphics extension search list:
(grfext)             [.png,.pdf,.jpg,.mps,.jpeg,.jbig2,.jb2,.PNG,.PDF,.JPG,.JPE
G,.JBIG2,.JB2,.eps]
(grfext)             \AppendGraphicsExtensions on input line 456.

(/usr/local/texlive/2017/texmf-dist/tex/latex/latexconfig/epstopdf-sys.cfg
File: epstopdf-sys.cfg 2010/07/13 v1.3 Configuration of (r)epstopdf for TeX Liv
e
))
Package biblatex Info: No input encoding detected.
(biblatex)             Assuming 'ascii'.
Package biblatex Info: Automatic encoding selection.
(biblatex)             Assuming data encoding 'ascii'.
Package biblatex Info: Input encoding 'ascii' specified.
Package biblatex Info: Data encoding 'ascii' specified.
(biblatex)             No need to reencode data.
\openout4 = `DraftExec-blx.bib'.

Package biblatex Info: Trying to load bibliographic data...
Package biblatex Info: ... file 'DraftExec.bbl' found.

(./DraftExec.bbl)
Package biblatex Info: Reference section=0 on input line 61.
Package biblatex Info: Reference segment=0 on input line 61.
LaTeX Font Info:    External font `cmex10' loaded for size
(Font)              <12> on input line 63.
LaTeX Font Info:    External font `cmex10' loaded for size
(Font)              <8> on input line 63.
LaTeX Font Info:    External font `cmex10' loaded for size
(Font)              <6> on input line 63.
 (./DraftExec.toc
LaTeX Font Info:    External font `cmex10' loaded for size
(Font)              <7> on input line 7.
LaTeX Font Info:    External font `cmex10' loaded for size
(Font)              <5> on input line 7.
 [1

{/usr/local/texlive/2017/texmf-var/fonts/map/pdftex/updmap/pdftex.map}])
\tf@toc=\write5
\openout5 = `DraftExec.toc'.

 [2] [3] [4] [5] [6]
LaTeX Font Info:    External font `cmex10' loaded for size
(Font)              <14.4> on input line 130.
 [7] [8] [9] [10] [11]
<XenonPoison.png, id=49, 975.645pt x 609.27625pt>
File: XenonPoison.png Graphic file (type png)
 <use XenonPoison.png>
Package pdftex.def Info: XenonPoison.png used on input line 180.
(pdftex.def)             Requested size: 345.0pt x 215.44392pt.

[12 <./XenonPoison.png>] [13] [14]
<BoundaryLayer.png, id=62, 489.83pt x 161.60374pt>
File: BoundaryLayer.png Graphic file (type png)
 <use BoundaryLayer.png>
Package pdftex.def Info: BoundaryLayer.png used on input line 217.
(pdftex.def)             Requested size: 345.0pt x 113.82462pt.

<LaminarTurbulent.png, id=63, 260.975pt x 247.92625pt>
File: LaminarTurbulent.png Graphic file (type png)

<use LaminarTurbulent.png>
Package pdftex.def Info: LaminarTurbulent.png used on input line 228.
(pdftex.def)             Requested size: 345.0pt x 327.75545pt.
 [15 <./BoundaryLayer.png>] [16 <./LaminarTurbulent.png>]
Missing character: There is no â in font cmr10!
Missing character: There is no € in font cmr10!
Missing character: There is no ™ in font cmr10!
Missing character: There is no â in font cmr10!
Missing character: There is no € in font cmr10!
Missing character: There is no ™ in font cmr10!
 <EarlyCavitation.JPG, id=72, 4047.12pt x 3035.34pt>
File: EarlyCavitation.JPG Graphic file (type jpg)

<use EarlyCavitation.JPG>
Package pdftex.def Info: EarlyCavitation.JPG used on input line 247.
(pdftex.def)             Requested size: 345.0pt x 258.71838pt.

<BoilingCavitation.JPG, id=73, 4047.12pt x 3035.34pt>
File: BoilingCavitation.JPG Graphic file (type jpg)

<use BoilingCavitation.JPG>
Package pdftex.def Info: BoilingCavitation.JPG used on input line 255.
(pdftex.def)             Requested size: 345.0pt x 258.71838pt.
 [17] [18 <./EarlyCavitation.JPG>] [19 <./BoilingCavitation.JPG>] <IncreasingCa
vitation.png, id=84, 590.205pt x 587.19376pt>
File: IncreasingCavitation.png Graphic file (type png)

<use IncreasingCavitation.png>
Package pdftex.def Info: IncreasingCavitation.png used on input line 269.
(pdftex.def)             Requested size: 241.49895pt x 240.25821pt.

<CavitationTypes.png, id=85, 669.50125pt x 600.2425pt>
File: CavitationTypes.png Graphic file (type png)

<use CavitationTypes.png>
Package pdftex.def Info: CavitationTypes.png used on input line 275.
(pdftex.def)             Requested size: 241.49895pt x 216.5176pt.
 [20 <./IncreasingCavitation.png>] [21 <./CavitationTypes.png>] <SeparatedAerof
oil.jpg, id=94, 2055.68pt x 1432.35126pt>
File: SeparatedAerofoil.jpg Graphic file (type jpg)

<use SeparatedAerofoil.jpg>
Package pdftex.def Info: SeparatedAerofoil.jpg used on input line 296.
(pdftex.def)             Requested size: 345.0pt x 240.3711pt.
 [22] [23 <./SeparatedAerofoil.jpg>]
<FlowSeparation.png, id=101, 742.775pt x 198.7425pt>
File: FlowSeparation.png Graphic file (type png)
 <use FlowSeparation.png>
Package pdftex.def Info: FlowSeparation.png used on input line 304.
(pdftex.def)             Requested size: 345.0pt x 92.31119pt.

<PropellerAction.png, id=102, 584.1825pt x 280.04625pt>
File: PropellerAction.png Graphic file (type png)

<use PropellerAction.png>
Package pdftex.def Info: PropellerAction.png used on input line 318.
(pdftex.def)             Requested size: 345.0pt x 165.39249pt.
 [24 <./FlowSeparation.png>]
<SkewRake.png, id=107, 500.87125pt x 327.2225pt>
File: SkewRake.png Graphic file (type png)
 <use SkewRake.png>
Package pdftex.def Info: SkewRake.png used on input line 329.
(pdftex.def)             Requested size: 345.0pt x 225.39929pt.
 [25 <./PropellerAction.png>] <HelicalLine.png, id=113, 331.2375pt x 205.76875p
t>
File: HelicalLine.png Graphic file (type png)

<use HelicalLine.png>
Package pdftex.def Info: HelicalLine.png used on input line 338.
(pdftex.def)             Requested size: 345.0pt x 214.32726pt.
 <PitchDefinition.png, id=114, 645.41125pt x 565.11125pt>
File: PitchDefinition.png Graphic file (type png)

<use PitchDefinition.png>
Package pdftex.def Info: PitchDefinition.png used on input line 344.
(pdftex.def)             Requested size: 345.0pt x 302.07715pt.
 <CPPropeller.png, id=115, 636.3775pt x 405.515pt>
File: CPPropeller.png Graphic file (type png)

<use CPPropeller.png>
Package pdftex.def Info: CPPropeller.png used on input line 354.
(pdftex.def)             Requested size: 345.0pt x 219.8411pt.
 [26 <./SkewRake.png>]
<OpenWater.png, id=120, 678.535pt x 546.04pt>
File: OpenWater.png Graphic file (type png)
 <use OpenWater.png>
Package pdftex.def Info: OpenWater.png used on input line 363.
(pdftex.def)             Requested size: 345.0pt x 277.62686pt.
 [27 <./HelicalLine.png>] [28 <./PitchDefinition.png>] [29 <./CPPropeller.png>]
 [30 <./OpenWater.png>] <SlipRatio.png, id=137, 620.3175pt x 501.875pt>
File: SlipRatio.png Graphic file (type png)
 <use SlipRatio.png>
Package pdftex.def Info: SlipRatio.png used on input line 382.
(pdftex.def)             Requested size: 345.0pt x 279.12592pt.

[31 <./SlipRatio.png>] <AccelDecel.png, id=143, 738.76pt x 283.0575pt>
File: AccelDecel.png Graphic file (type png)

<use AccelDecel.png>
Package pdftex.def Info: AccelDecel.png used on input line 395.
(pdftex.def)             Requested size: 345.0pt x 132.18617pt.
 <DuctStreamlines.png, id=144, 471.7625pt x 448.67625pt>
File: DuctStreamlines.png Graphic file (type png)

<use DuctStreamlines.png>
Package pdftex.def Info: DuctStreamlines.png used on input line 403.
(pdftex.def)             Requested size: 345.0pt x 328.11972pt.
 [32 <./AccelDecel.png>] [33 <./DuctStreamlines.png>]
<CavitatingDuct.png, id=153, 476.78125pt x 318.18875pt>
File: CavitatingDuct.png Graphic file (type png)

<use CavitatingDuct.png>
Package pdftex.def Info: CavitatingDuct.png used on input line 418.
(pdftex.def)             Requested size: 345.0pt x 230.25609pt.
 [34]
<DuctedEfficiency.png, id=157, 781.92125pt x 731.73375pt>
File: DuctedEfficiency.png Graphic file (type png)

<use DuctedEfficiency.png>
Package pdftex.def Info: DuctedEfficiency.png used on input line 426.
(pdftex.def)             Requested size: 345.0pt x 322.85707pt.
 [35 <./CavitatingDuct.png>] [36 <./DuctedEfficiency.png>] <PumpjetOutline.png,
 id=166, 407.5225pt x 379.4175pt>
File: PumpjetOutline.png Graphic file (type png)

<use PumpjetOutline.png>
Package pdftex.def Info: PumpjetOutline.png used on input line 439.
(pdftex.def)             Requested size: 345.0pt x 321.22113pt.
 [37] [38 <./PumpjetOutline.png>]
<PumpjetWaterjet.png, id=175, 771.88374pt x 952.55875pt>
File: PumpjetWaterjet.png Graphic file (type png)

<use PumpjetWaterjet.png>
Package pdftex.def Info: PumpjetWaterjet.png used on input line 452.
(pdftex.def)             Requested size: 345.0pt x 425.75504pt.

Overfull \hbox (0.91617pt too wide) in paragraph at lines 467--468
[]\OT1/cmr/m/n/10 A 1995 Japanese ex-per-i-men-tal study on the per-for-mance o
f a wa-ter-jet demon-
 []

[39] [40 <./PumpjetWaterjet.png>]
<EfficiencyJapan.png, id=183, 470.75874pt x 374.39874pt>
File: EfficiencyJapan.png Graphic file (type png)

<use EfficiencyJapan.png>
Package pdftex.def Info: EfficiencyJapan.png used on input line 470.
(pdftex.def)             Requested size: 345.0pt x 274.38283pt.

<EfficiencyTransport.png, id=184, 488.82625pt x 504.88625pt>
File: EfficiencyTransport.png Graphic file (type png)

<use EfficiencyTransport.png>
Package pdftex.def Info: EfficiencyTransport.png used on input line 478.
(pdftex.def)             Requested size: 345.0pt x 356.33774pt.
 [41 <./EfficiencyJapan.png>] [42 <./EfficiencyTransport.png>] <BMTShape.png, i
d=193, 1105.12875pt x 277.035pt>
File: BMTShape.png Graphic file (type png)

<use BMTShape.png>
Package pdftex.def Info: BMTShape.png used on input line 488.
(pdftex.def)             Requested size: 345.0pt x 86.48445pt.
Missing character: There is no â in font cmr10!
Missing character: There is no „ in font cmr10!
Missing character: There is no ¢ in font cmr10!
Missing character: There is no â in font cmr10!
Missing character: There is no „ in font cmr10!
Missing character: There is no ¢ in font cmr10!
 <BMTPowering.png, id=194, 523.9575pt x 346.29375pt>
File: BMTPowering.png Graphic file (type png)

<use BMTPowering.png>
Package pdftex.def Info: BMTPowering.png used on input line 496.
(pdftex.def)             Requested size: 345.0pt x 228.02089pt.
 [43 <./BMTShape.png>] [44 <./BMTPowering.png>]
<BMTEfficiency.png, id=204, 1130.2225pt x 454.69875pt>
File: BMTEfficiency.png Graphic file (type png)
 <use BMTEfficiency.png>
Package pdftex.def Info: BMTEfficiency.png used on input line 504.
(pdftex.def)             Requested size: 345.0pt x 138.79045pt.

[45 <./BMTEfficiency.png>] [46] [47]
<PumpjetEfficiency.png, id=216, 713.66624pt x 907.39pt>
File: PumpjetEfficiency.png Graphic file (type png)

<use PumpjetEfficiency.png>
Package pdftex.def Info: PumpjetEfficiency.png used on input line 555.
(pdftex.def)             Requested size: 345.0pt x 438.64368pt.

<EfficiencyBrandau.png, id=217, 663.47874pt x 831.105pt>
File: EfficiencyBrandau.png Graphic file (type png)

<use EfficiencyBrandau.png>
Package pdftex.def Info: EfficiencyBrandau.png used on input line 565.
(pdftex.def)             Requested size: 345.0pt x 432.1644pt.
 [48] [49 <./PumpjetEfficiency.png>] [50 <./EfficiencyBrandau.png>] <Efficiency
Mollard.png, id=232, 492.84125pt x 292.09125pt>
File: EfficiencyMollard.png Graphic file (type png)

<use EfficiencyMollard.png>
Package pdftex.def Info: EfficiencyMollard.png used on input line 575.
(pdftex.def)             Requested size: 345.0pt x 204.48029pt.

<EfficiencyBulten.png, id=233, 521.95pt x 278.03876pt>
File: EfficiencyBulten.png Graphic file (type png)

<use EfficiencyBulten.png>
Package pdftex.def Info: EfficiencyBulten.png used on input line 581.
(pdftex.def)             Requested size: 345.0pt x 183.7819pt.
 [51 <./EfficiencyMollard.png>]
<PropDuct.png, id=238, 716.6775pt x 325.215pt>
File: PropDuct.png Graphic file (type png)
 <use PropDuct.png>
Package pdftex.def Info: PropDuct.png used on input line 591.
(pdftex.def)             Requested size: 345.0pt x 156.55795pt.


LaTeX Warning: Citation 'willemsen2013' on page 52 undefined on input line 592.



LaTeX Warning: Citation 'willemsen2013' on page 52 undefined on input line 592.


[52 <./EfficiencyBulten.png>] <PumpUp.png, id=243, 624.3325pt x 334.24875pt>
File: PumpUp.png Graphic file (type png)

<use PumpUp.png>
Package pdftex.def Info: PumpUp.png used on input line 599.
(pdftex.def)             Requested size: 345.0pt x 184.7044pt.


LaTeX Warning: Citation 'lu2015' on page 53 undefined on input line 606.

[53 <./PropDuct.png>] [54 <./PumpUp.png>]
<stall.png, id=252, 696.6025pt x 373.395pt>
File: stall.png Graphic file (type png)
 <use stall.png>
Package pdftex.def Info: stall.png used on input line 619.
(pdftex.def)             Requested size: 345.0pt x 184.9251pt.
 [55]
<backflow.png, id=257, 794.97pt x 315.1775pt>
File: backflow.png Graphic file (type png)
 <use backflow.png>
Package pdftex.def Info: backflow.png used on input line 625.
(pdftex.def)             Requested size: 345.0pt x 136.78369pt.


LaTeX Warning: Citation 'gearhart1966selection' on page 56 undefined on input l
ine 632.

[56 <./stall.png>] [57 <./backflow.png>]
File: DuctedEfficiency.png Graphic file (type png)
 <use DuctedEfficiency.png>
Package pdftex.def Info: DuctedEfficiency.png used on input line 644.
(pdftex.def)             Requested size: 345.0pt x 322.85707pt.
 [58]
<FineOptimised.png, id=269, 540.0175pt x 464.73625pt>
File: FineOptimised.png Graphic file (type png)
 <use FineOptimised.png>
Package pdftex.def Info: FineOptimised.png used on input line 654.
(pdftex.def)             Requested size: 345.0pt x 296.9125pt.

<FineEfficiency.png, id=270, 560.0925pt x 409.53pt>
File: FineEfficiency.png Graphic file (type png)
 <use FineEfficiency.png>
Package pdftex.def Info: FineEfficiency.png used on input line 660.
(pdftex.def)             Requested size: 345.0pt x 252.26875pt.

<FineCavitation.png, id=271, 536.0025pt x 682.55pt>
File: FineCavitation.png Graphic file (type png)
 <use FineCavitation.png>
Package pdftex.def Info: FineCavitation.png used on input line 666.
(pdftex.def)             Requested size: 345.0pt x 439.31967pt.

[59 <./FineOptimised.png>] [60 <./FineEfficiency.png>] [61 <./FineCavitation.pn
g>]

LaTeX Warning: Citation 'willemsen2013' on page 62 undefined on input line 674.


<LowIVR.png, id=285, 430.60875pt x 185.69376pt>
File: LowIVR.png Graphic file (type png)
 <use LowIVR.png>
Package pdftex.def Info: LowIVR.png used on input line 677.
(pdftex.def)             Requested size: 345.0pt x 148.77904pt.

<HighIVR.png, id=286, 441.65pt x 202.7575pt>
File: HighIVR.png Graphic file (type png)
 <use HighIVR.png>
Package pdftex.def Info: HighIVR.png used on input line 683.
(pdftex.def)             Requested size: 345.0pt x 158.39462pt.

<DuctSeparation.png, id=287, 786.94pt x 266.9975pt>
File: DuctSeparation.png Graphic file (type png)
 <use DuctSeparation.png>
Package pdftex.def Info: DuctSeparation.png used on input line 689.
(pdftex.def)             Requested size: 345.0pt x 117.05147pt.


LaTeX Warning: Citation 'willemsen2013' on page 62 undefined on input line 690.



LaTeX Warning: Citation 'willemsen2013' on page 62 undefined on input line 690.


<NozzleDrag.png, id=288, 538.01pt x 395.4775pt>
File: NozzleDrag.png Graphic file (type png)
 <use NozzleDrag.png>
Package pdftex.def Info: NozzleDrag.png used on input line 695.
(pdftex.def)             Requested size: 345.0pt x 253.59956pt.
 [62]
[63 <./LowIVR.png> <./HighIVR.png>] [64 <./DuctSeparation.png> <./NozzleDrag.pn
g>] [65] <InceptionDepth.png, id=305, 525.965pt x 460.72125pt>
File: InceptionDepth.png Graphic file (type png)

<use InceptionDepth.png>
Package pdftex.def Info: InceptionDepth.png used on input line 717.
(pdftex.def)             Requested size: 345.0pt x 302.214pt.


LaTeX Warning: Citation 'willemsen2013' on page 66 undefined on input line 722.


<VortexShedding.png, id=306, 823.075pt x 599.23875pt>
File: VortexShedding.png Graphic file (type png)
 <use VortexShedding.png>
Package pdftex.def Info: VortexShedding.png used on input line 725.
(pdftex.def)             Requested size: 345.0pt x 251.17566pt.


LaTeX Warning: Citation 'willemsen2013' on page 66 undefined on input line 726.



LaTeX Warning: Citation 'willemsen2013' on page 66 undefined on input line 726.


Package color Info: Redefining color shadecolor on input line 738.
<figures/plots-plot_eff-1.pdf, id=307, 505.89pt x 505.89pt>
File: figures/plots-plot_eff-1.pdf Graphic file (type pdf)

<use figures/plots-plot_eff-1.pdf>
Package pdftex.def Info: figures/plots-plot_eff-1.pdf used on input line 740.
(pdftex.def)             Requested size: 345.0pt x 345.00414pt.
 [66 <./InceptionDepth.png>] [67 <./VortexShedding.png>]
Package color Info: Redefining color shadecolor on input line 753.
 <figures/plots-plot_end-1.pdf, id=317, 505.89pt x 505.89pt>
File: figures/plots-plot_end-1.pdf Graphic file (type pdf)

<use figures/plots-plot_end-1.pdf>
Package pdftex.def Info: figures/plots-plot_end-1.pdf used on input line 755.
(pdftex.def)             Requested size: 345.0pt x 345.00414pt.
Package color Info: Redefining color shadecolor on input line 768.

<figures/plots-plot_range-1.pdf, id=318, 505.89pt x 505.89pt>
File: figures/plots-plot_range-1.pdf Graphic file (type pdf)

<use figures/plots-plot_range-1.pdf>
Package pdftex.def Info: figures/plots-plot_range-1.pdf used on input line 770.

(pdftex.def)             Requested size: 345.0pt x 345.00414pt.
Package color Info: Redefining color shadecolor on input line 784.

<figures/plots-plot_power-1.pdf, id=319, 505.89pt x 505.89pt>
File: figures/plots-plot_power-1.pdf Graphic file (type pdf)

<use figures/plots-plot_power-1.pdf>
Package pdftex.def Info: figures/plots-plot_power-1.pdf used on input line 786.

(pdftex.def)             Requested size: 345.0pt x 345.00414pt.
 [68 <./figures/plots-plot_eff-1.pdf>]
[69 <./figures/plots-plot_end-1.pdf>] [70 <./figures/plots-plot_range-1.pdf>]
[71 <./figures/plots-plot_power-1.pdf>] (./DraftExec.aux)

LaTeX Warning: There were undefined references.


LaTeX Warning: There were multiply-defined labels.


Package biblatex Warning: Please (re)run BibTeX on the file(s):
(biblatex)                DraftExec
(biblatex)                and rerun LaTeX afterwards.

Package logreq Info: Writing requests to 'DraftExec.run.xml'.
\openout1 = `DraftExec.run.xml'.

 ) 
Here is how much of TeX's memory you used:
 8397 strings out of 492995
 148588 string characters out of 6132703
 391823 words of memory out of 5000000
 11822 multiletter control sequences out of 15000+600000
 8856 words of font info for 31 fonts, out of 8000000 for 9000
 1141 hyphenation exceptions out of 8191
 38i,8n,58p,1621b,1473s stack positions out of 5000i,500n,10000p,200000b,80000s
</usr/local/texlive/2017/texmf-dist/fonts/type1/public/amsfonts/cm/cmbx10.pfb
></usr/local/texlive/2017/texmf-dist/fonts/type1/public/amsfonts/cm/cmbx12.pfb>
</usr/local/texlive/2017/texmf-dist/fonts/type1/public/amsfonts/cm/cmmi10.pfb><
/usr/local/texlive/2017/texmf-dist/fonts/type1/public/amsfonts/cm/cmmi12.pfb></
usr/local/texlive/2017/texmf-dist/fonts/type1/public/amsfonts/cm/cmmi7.pfb></us
r/local/texlive/2017/texmf-dist/fonts/type1/public/amsfonts/cm/cmr10.pfb></usr/
local/texlive/2017/texmf-dist/fonts/type1/public/amsfonts/cm/cmr12.pfb></usr/lo
cal/texlive/2017/texmf-dist/fonts/type1/public/amsfonts/cm/cmr17.pfb></usr/loca
l/texlive/2017/texmf-dist/fonts/type1/public/amsfonts/cm/cmr5.pfb></usr/local/t
exlive/2017/texmf-dist/fonts/type1/public/amsfonts/cm/cmr6.pfb></usr/local/texl
ive/2017/texmf-dist/fonts/type1/public/amsfonts/cm/cmr7.pfb></usr/local/texlive
/2017/texmf-dist/fonts/type1/public/amsfonts/cm/cmr8.pfb></usr/local/texlive/20
17/texmf-dist/fonts/type1/public/amsfonts/cm/cmsy10.pfb></usr/local/texlive/201
7/texmf-dist/fonts/type1/public/amsfonts/cm/cmti10.pfb>
Output written on DraftExec.pdf (71 pages, 11836742 bytes).
PDF statistics:
 400 PDF objects out of 1000 (max. 8388607)
 217 compressed objects within 3 object streams
 0 named destinations out of 1000 (max. 500000)
 241 words of extra memory for PDF output out of 10000 (max. 10000000)

